This is pdfTeX, Version 3.14159265-2.6-1.40.17 (TeX Live 2016) (preloaded format=pdflatex 2016.5.22)  1 MAY 2017 11:34
entering extended mode
 restricted \write18 enabled.
 file:line:error style messages enabled.
 %&-line parsing enabled.
**ANN.tex
(./ANN.tex
LaTeX2e <2016/03/31>
Babel <3.9r> and hyphenation patterns for 83 language(s) loaded.
(/usr/local/texlive/2016/texmf-dist/tex/latex/base/article.cls
Document Class: article 2014/09/29 v1.4h Standard LaTeX document class
(/usr/local/texlive/2016/texmf-dist/tex/latex/base/size12.clo
File: size12.clo 2014/09/29 v1.4h Standard LaTeX file (size option)
)
\c@part=\count79
\c@section=\count80
\c@subsection=\count81
\c@subsubsection=\count82
\c@paragraph=\count83
\c@subparagraph=\count84
\c@figure=\count85
\c@table=\count86
\abovecaptionskip=\skip41
\belowcaptionskip=\skip42
\bibindent=\dimen102
) (/usr/local/texlive/2016/texmf-dist/tex/latex/geometry/geometry.sty
Package: geometry 2010/09/12 v5.6 Page Geometry
 (/usr/local/texlive/2016/texmf-dist/tex/latex/graphics/keyval.sty
Package: keyval 2014/10/28 v1.15 key=value parser (DPC)
\KV@toks@=\toks14
) (/usr/local/texlive/2016/texmf-dist/tex/generic/oberdiek/ifpdf.sty
Package: ifpdf 2016/05/14 v3.1 Provides the ifpdf switch
) (/usr/local/texlive/2016/texmf-dist/tex/generic/oberdiek/ifvtex.sty
Package: ifvtex 2016/05/16 v1.6 Detect VTeX and its facilities (HO)
Package ifvtex Info: VTeX not detected.
) (/usr/local/texlive/2016/texmf-dist/tex/generic/ifxetex/ifxetex.sty
Package: ifxetex 2010/09/12 v0.6 Provides ifxetex conditional
)
\Gm@cnth=\count87
\Gm@cntv=\count88
\c@Gm@tempcnt=\count89
\Gm@bindingoffset=\dimen103
\Gm@wd@mp=\dimen104
\Gm@odd@mp=\dimen105
\Gm@even@mp=\dimen106
\Gm@layoutwidth=\dimen107
\Gm@layoutheight=\dimen108
\Gm@layouthoffset=\dimen109
\Gm@layoutvoffset=\dimen110
\Gm@dimlist=\toks15
) (/usr/local/texlive/2016/texmf-dist/tex/latex/graphics/graphicx.sty
Package: graphicx 2014/10/28 v1.0g Enhanced LaTeX Graphics (DPC,SPQR)
 (/usr/local/texlive/2016/texmf-dist/tex/latex/graphics/graphics.sty
Package: graphics 2016/05/09 v1.0r Standard LaTeX Graphics (DPC,SPQR)
 (/usr/local/texlive/2016/texmf-dist/tex/latex/graphics/trig.sty
Package: trig 2016/01/03 v1.10 sin cos tan (DPC)
) (/usr/local/texlive/2016/texmf-dist/tex/latex/graphics-cfg/graphics.cfg
File: graphics.cfg 2016/01/02 v1.10 sample graphics configuration
)
Package graphics Info: Driver file: pdftex.def on input line 96.
 (/usr/local/texlive/2016/texmf-dist/tex/latex/pdftex-def/pdftex.def
File: pdftex.def 2011/05/27 v0.06d Graphics/color for pdfTeX
 (/usr/local/texlive/2016/texmf-dist/tex/generic/oberdiek/infwarerr.sty
Package: infwarerr 2016/05/16 v1.4 Providing info/warning/error messages (HO)
) (/usr/local/texlive/2016/texmf-dist/tex/generic/oberdiek/ltxcmds.sty
Package: ltxcmds 2016/05/16 v1.23 LaTeX kernel commands for general use (HO)
)
\Gread@gobject=\count90
))
\Gin@req@height=\dimen111
\Gin@req@width=\dimen112
) (/usr/local/texlive/2016/texmf-dist/tex/latex/amsmath/amsmath.sty
Package: amsmath 2016/03/10 v2.15b AMS math features
\@mathmargin=\skip43

For additional information on amsmath, use the `?' option.
(/usr/local/texlive/2016/texmf-dist/tex/latex/amsmath/amstext.sty
Package: amstext 2000/06/29 v2.01 AMS text
 (/usr/local/texlive/2016/texmf-dist/tex/latex/amsmath/amsgen.sty
File: amsgen.sty 1999/11/30 v2.0 generic functions
\@emptytoks=\toks16
\ex@=\dimen113
)) (/usr/local/texlive/2016/texmf-dist/tex/latex/amsmath/amsbsy.sty
Package: amsbsy 1999/11/29 v1.2d Bold Symbols
\pmbraise@=\dimen114
) (/usr/local/texlive/2016/texmf-dist/tex/latex/amsmath/amsopn.sty
Package: amsopn 2016/03/08 v2.02 operator names
)
\inf@bad=\count91
LaTeX Info: Redefining \frac on input line 199.
\uproot@=\count92
\leftroot@=\count93
LaTeX Info: Redefining \overline on input line 297.
\classnum@=\count94
\DOTSCASE@=\count95
LaTeX Info: Redefining \ldots on input line 394.
LaTeX Info: Redefining \dots on input line 397.
LaTeX Info: Redefining \cdots on input line 518.
\Mathstrutbox@=\box26
\strutbox@=\box27
\big@size=\dimen115
LaTeX Font Info:    Redeclaring font encoding OML on input line 634.
LaTeX Font Info:    Redeclaring font encoding OMS on input line 635.
\macc@depth=\count96
\c@MaxMatrixCols=\count97
\dotsspace@=\muskip10
\c@parentequation=\count98
\dspbrk@lvl=\count99
\tag@help=\toks17
\row@=\count100
\column@=\count101
\maxfields@=\count102
\andhelp@=\toks18
\eqnshift@=\dimen116
\alignsep@=\dimen117
\tagshift@=\dimen118
\tagwidth@=\dimen119
\totwidth@=\dimen120
\lineht@=\dimen121
\@envbody=\toks19
\multlinegap=\skip44
\multlinetaggap=\skip45
\mathdisplay@stack=\toks20
LaTeX Info: Redefining \[ on input line 2739.
LaTeX Info: Redefining \] on input line 2740.
) (/usr/local/texlive/2016/texmf-dist/tex/latex/float/float.sty
Package: float 2001/11/08 v1.3d Float enhancements (AL)
\c@float@type=\count103
\float@exts=\toks21
\float@box=\box28
\@float@everytoks=\toks22
\@floatcapt=\box29
) (/usr/local/texlive/2016/texmf-dist/tex/latex/capt-of/capt-of.sty
Package: capt-of 2009/12/29 v0.2 standard captions outside of floats
) (/usr/local/texlive/2016/texmf-dist/tex/latex/varwidth/varwidth.sty
Package: varwidth 2009/03/30 ver 0.92;  Variable-width minipages
\@vwid@box=\box30
\sift@deathcycles=\count104
\@vwid@loff=\dimen122
\@vwid@roff=\dimen123
) (/usr/local/texlive/2016/texmf-dist/tex/latex/booktabs/booktabs.sty
Package: booktabs 2016/04/27 v1.618033 publication quality tables
\heavyrulewidth=\dimen124
\lightrulewidth=\dimen125
\cmidrulewidth=\dimen126
\belowrulesep=\dimen127
\belowbottomsep=\dimen128
\aboverulesep=\dimen129
\abovetopsep=\dimen130
\cmidrulesep=\dimen131
\cmidrulekern=\dimen132
\defaultaddspace=\dimen133
\@cmidla=\count105
\@cmidlb=\count106
\@aboverulesep=\dimen134
\@belowrulesep=\dimen135
\@thisruleclass=\count107
\@lastruleclass=\count108
\@thisrulewidth=\dimen136
) (./ANN.aux

LaTeX Warning: Label `table:YNYY' multiply defined.


LaTeX Warning: Label `fig:YNYY' multiply defined.


LaTeX Warning: Label `fig:img_size' multiply defined.


LaTeX Warning: Label `fig:img_size' multiply defined.

)
\openout1 = `ANN.aux'.

LaTeX Font Info:    Checking defaults for OML/cmm/m/it on input line 57.
LaTeX Font Info:    ... okay on input line 57.
LaTeX Font Info:    Checking defaults for T1/cmr/m/n on input line 57.
LaTeX Font Info:    ... okay on input line 57.
LaTeX Font Info:    Checking defaults for OT1/cmr/m/n on input line 57.
LaTeX Font Info:    ... okay on input line 57.
LaTeX Font Info:    Checking defaults for OMS/cmsy/m/n on input line 57.
LaTeX Font Info:    ... okay on input line 57.
LaTeX Font Info:    Checking defaults for OMX/cmex/m/n on input line 57.
LaTeX Font Info:    ... okay on input line 57.
LaTeX Font Info:    Checking defaults for U/cmr/m/n on input line 57.
LaTeX Font Info:    ... okay on input line 57.

*geometry* driver: auto-detecting
*geometry* detected driver: pdftex
*geometry* verbose mode - [ preamble ] result:
* driver: pdftex
* paper: <default>
* layout: <same size as paper>
* layoutoffset:(h,v)=(0.0pt,0.0pt)
* modes: 
* h-part:(L,W,R)=(50.58878pt, 513.11745pt, 50.58878pt)
* v-part:(T,H,B)=(50.58878pt, 693.79243pt, 50.58878pt)
* \paperwidth=614.295pt
* \paperheight=794.96999pt
* \textwidth=513.11745pt
* \textheight=693.79243pt
* \oddsidemargin=-21.68121pt
* \evensidemargin=-21.68121pt
* \topmargin=-58.68121pt
* \headheight=12.0pt
* \headsep=25.0pt
* \topskip=12.0pt
* \footskip=30.0pt
* \marginparwidth=44.0pt
* \marginparsep=10.0pt
* \columnsep=10.0pt
* \skip\footins=10.8pt plus 4.0pt minus 2.0pt
* \hoffset=0.0pt
* \voffset=0.0pt
* \mag=1000
* \@twocolumnfalse
* \@twosidefalse
* \@mparswitchfalse
* \@reversemarginfalse
* (1in=72.27pt=25.4mm, 1cm=28.453pt)

(/usr/local/texlive/2016/texmf-dist/tex/context/base/mkii/supp-pdf.mkii
[Loading MPS to PDF converter (version 2006.09.02).]
\scratchcounter=\count109
\scratchdimen=\dimen137
\scratchbox=\box31
\nofMPsegments=\count110
\nofMParguments=\count111
\everyMPshowfont=\toks23
\MPscratchCnt=\count112
\MPscratchDim=\dimen138
\MPnumerator=\count113
\makeMPintoPDFobject=\count114
\everyMPtoPDFconversion=\toks24
) (/usr/local/texlive/2016/texmf-dist/tex/generic/oberdiek/pdftexcmds.sty
Package: pdftexcmds 2016/05/10 v0.21 Utility functions of pdfTeX for LuaTeX (HO)
 (/usr/local/texlive/2016/texmf-dist/tex/generic/oberdiek/ifluatex.sty
Package: ifluatex 2016/05/16 v1.4 Provides the ifluatex switch (HO)
Package ifluatex Info: LuaTeX not detected.
)
Package pdftexcmds Info: LuaTeX not detected.
Package pdftexcmds Info: \pdf@primitive is available.
Package pdftexcmds Info: \pdf@ifprimitive is available.
Package pdftexcmds Info: \pdfdraftmode found.
) (/usr/local/texlive/2016/texmf-dist/tex/latex/oberdiek/epstopdf-base.sty
Package: epstopdf-base 2016/05/15 v2.6 Base part for package epstopdf
 (/usr/local/texlive/2016/texmf-dist/tex/latex/oberdiek/grfext.sty
Package: grfext 2016/05/16 v1.2 Manage graphics extensions (HO)
 (/usr/local/texlive/2016/texmf-dist/tex/generic/oberdiek/kvdefinekeys.sty
Package: kvdefinekeys 2016/05/16 v1.4 Define keys (HO)
)) (/usr/local/texlive/2016/texmf-dist/tex/latex/oberdiek/kvoptions.sty
Package: kvoptions 2016/05/16 v3.12 Key value format for package options (HO)
 (/usr/local/texlive/2016/texmf-dist/tex/generic/oberdiek/kvsetkeys.sty
Package: kvsetkeys 2016/05/16 v1.17 Key value parser (HO)
 (/usr/local/texlive/2016/texmf-dist/tex/generic/oberdiek/etexcmds.sty
Package: etexcmds 2016/05/16 v1.6 Avoid name clashes with e-TeX commands (HO)
Package etexcmds Info: Could not find \expanded.
(etexcmds)             That can mean that you are not using pdfTeX 1.50 or
(etexcmds)             that some package has redefined \expanded.
(etexcmds)             In the latter case, load this package earlier.
)))
Package grfext Info: Graphics extension search list:
(grfext)             [.png,.pdf,.jpg,.mps,.jpeg,.jbig2,.jb2,.PNG,.PDF,.JPG,.JPEG,.JBIG2,.JB2,.eps]
(grfext)             \AppendGraphicsExtensions on input line 456.
 (/usr/local/texlive/2016/texmf-dist/tex/latex/latexconfig/epstopdf-sys.cfg
File: epstopdf-sys.cfg 2010/07/13 v1.3 Configuration of (r)epstopdf for TeX Live
)) [1

{/usr/local/texlive/2016/texmf-var/fonts/map/pdftex/updmap/pdftex.map}]
Overfull \hbox (2.25012pt too wide) in paragraph at lines 149--149
 [][] 
 []


Overfull \hbox (2.25012pt too wide) detected at line 151
 [][] 
 []

<accuracy_imgs/baseline_training_accuracy.png, id=10, 421.575pt x 316.0608pt>
File: accuracy_imgs/baseline_training_accuracy.png Graphic file (type png)
 <use accuracy_imgs/baseline_training_accuracy.png>
Package pdftex.def Info: accuracy_imgs/baseline_training_accuracy.png used on input line 155.
(pdftex.def)             Requested size: 284.52756pt x 213.31737pt.
 [1]
Overfull \hbox (2.25012pt too wide) in paragraph at lines 165--165
 [][] 
 []


Overfull \hbox (2.25012pt too wide) detected at line 165
 [][] 
 []

<./accuracy_imgs/NNNN_training_accuracy.png, id=14, 421.575pt x 316.0608pt>
File: ./accuracy_imgs/NNNN_training_accuracy.png Graphic file (type png)
 <use ./accuracy_imgs/NNNN_training_accuracy.png>
Package pdftex.def Info: ./accuracy_imgs/NNNN_training_accuracy.png used on input line 165.
(pdftex.def)             Requested size: 284.52756pt x 213.31737pt.

Overfull \hbox (2.25012pt too wide) in paragraph at lines 166--166
 [][] 
 []


Overfull \hbox (2.25012pt too wide) detected at line 166
 [][] 
 []

<./accuracy_imgs/YNNN_training_accuracy.png, id=15, 421.575pt x 316.0608pt>
File: ./accuracy_imgs/YNNN_training_accuracy.png Graphic file (type png)
 <use ./accuracy_imgs/YNNN_training_accuracy.png>
Package pdftex.def Info: ./accuracy_imgs/YNNN_training_accuracy.png used on input line 166.
(pdftex.def)             Requested size: 284.52756pt x 213.31737pt.
 [2 <./accuracy_imgs/baseline_training_accuracy.png (PNG copy)> <./accuracy_imgs/NNNN_training_accuracy.png (PNG copy)>]
Overfull \hbox (2.25012pt too wide) in paragraph at lines 167--167
 [][] 
 []


Overfull \hbox (2.25012pt too wide) detected at line 167
 [][] 
 []

<./accuracy_imgs/NYNN_training_accuracy.png, id=19, 421.575pt x 316.0608pt>
File: ./accuracy_imgs/NYNN_training_accuracy.png Graphic file (type png)
 <use ./accuracy_imgs/NYNN_training_accuracy.png>
Package pdftex.def Info: ./accuracy_imgs/NYNN_training_accuracy.png used on input line 167.
(pdftex.def)             Requested size: 284.52756pt x 213.31737pt.

Overfull \hbox (2.25012pt too wide) in paragraph at lines 168--168
 [][] 
 []


Overfull \hbox (2.25012pt too wide) detected at line 168
 [][] 
 []

<./accuracy_imgs/NNNY_training_accuracy.png, id=20, 421.575pt x 316.0608pt>
File: ./accuracy_imgs/NNNY_training_accuracy.png Graphic file (type png)
 <use ./accuracy_imgs/NNNY_training_accuracy.png>
Package pdftex.def Info: ./accuracy_imgs/NNNY_training_accuracy.png used on input line 168.
(pdftex.def)             Requested size: 284.52756pt x 213.31737pt.
 [3 <./accuracy_imgs/YNNN_training_accuracy.png (PNG copy)> <./accuracy_imgs/NYNN_training_accuracy.png (PNG copy)>]
Overfull \hbox (2.25012pt too wide) in paragraph at lines 169--169
 [][] 
 []


Overfull \hbox (2.25012pt too wide) detected at line 169
 [][] 
 []

<./accuracy_imgs/YYNN_training_accuracy.png, id=24, 421.575pt x 316.0608pt>
File: ./accuracy_imgs/YYNN_training_accuracy.png Graphic file (type png)
 <use ./accuracy_imgs/YYNN_training_accuracy.png>
Package pdftex.def Info: ./accuracy_imgs/YYNN_training_accuracy.png used on input line 169.
(pdftex.def)             Requested size: 284.52756pt x 213.31737pt.

Overfull \hbox (2.25012pt too wide) in paragraph at lines 170--170
 [][] 
 []


Overfull \hbox (2.25012pt too wide) detected at line 170
 [][] 
 []

<./accuracy_imgs/YNYN_training_accuracy.png, id=25, 421.575pt x 316.0608pt>
File: ./accuracy_imgs/YNYN_training_accuracy.png Graphic file (type png)
 <use ./accuracy_imgs/YNYN_training_accuracy.png>
Package pdftex.def Info: ./accuracy_imgs/YNYN_training_accuracy.png used on input line 170.
(pdftex.def)             Requested size: 284.52756pt x 213.31737pt.
 [4 <./accuracy_imgs/NNNY_training_accuracy.png (PNG copy)> <./accuracy_imgs/YYNN_training_accuracy.png (PNG copy)>]
Overfull \hbox (2.25012pt too wide) in paragraph at lines 171--171
 [][] 
 []


Overfull \hbox (2.25012pt too wide) detected at line 171
 [][] 
 []

<./accuracy_imgs/YNNY_training_accuracy.png, id=29, 421.575pt x 316.0608pt>
File: ./accuracy_imgs/YNNY_training_accuracy.png Graphic file (type png)
 <use ./accuracy_imgs/YNNY_training_accuracy.png>
Package pdftex.def Info: ./accuracy_imgs/YNNY_training_accuracy.png used on input line 171.
(pdftex.def)             Requested size: 284.52756pt x 213.31737pt.

Overfull \hbox (2.25012pt too wide) in paragraph at lines 172--172
 [][] 
 []


Overfull \hbox (2.25012pt too wide) detected at line 172
 [][] 
 []

<./accuracy_imgs/NYYN_training_accuracy.png, id=30, 421.575pt x 316.0608pt>
File: ./accuracy_imgs/NYYN_training_accuracy.png Graphic file (type png)
 <use ./accuracy_imgs/NYYN_training_accuracy.png>
Package pdftex.def Info: ./accuracy_imgs/NYYN_training_accuracy.png used on input line 172.
(pdftex.def)             Requested size: 284.52756pt x 213.31737pt.
 [5 <./accuracy_imgs/YNYN_training_accuracy.png (PNG copy)> <./accuracy_imgs/YNNY_training_accuracy.png (PNG copy)>]
Overfull \hbox (2.25012pt too wide) in paragraph at lines 173--173
 [][] 
 []


Overfull \hbox (2.25012pt too wide) detected at line 173
 [][] 
 []

<./accuracy_imgs/NYNY_training_accuracy.png, id=34, 421.575pt x 316.0608pt>
File: ./accuracy_imgs/NYNY_training_accuracy.png Graphic file (type png)
 <use ./accuracy_imgs/NYNY_training_accuracy.png>
Package pdftex.def Info: ./accuracy_imgs/NYNY_training_accuracy.png used on input line 173.
(pdftex.def)             Requested size: 284.52756pt x 213.31737pt.

Overfull \hbox (2.25012pt too wide) in paragraph at lines 174--174
 [][] 
 []


Overfull \hbox (2.25012pt too wide) detected at line 174
 [][] 
 []

<./accuracy_imgs/NNYY_training_accuracy.png, id=35, 421.575pt x 316.0608pt>
File: ./accuracy_imgs/NNYY_training_accuracy.png Graphic file (type png)
 <use ./accuracy_imgs/NNYY_training_accuracy.png>
Package pdftex.def Info: ./accuracy_imgs/NNYY_training_accuracy.png used on input line 174.
(pdftex.def)             Requested size: 284.52756pt x 213.31737pt.
 [6 <./accuracy_imgs/NYYN_training_accuracy.png (PNG copy)> <./accuracy_imgs/NYNY_training_accuracy.png (PNG copy)>]
Overfull \hbox (2.25012pt too wide) in paragraph at lines 175--175
 [][] 
 []


Overfull \hbox (2.25012pt too wide) detected at line 175
 [][] 
 []

<./accuracy_imgs/YYYN_training_accuracy.png, id=40, 421.575pt x 316.0608pt>
File: ./accuracy_imgs/YYYN_training_accuracy.png Graphic file (type png)
 <use ./accuracy_imgs/YYYN_training_accuracy.png>
Package pdftex.def Info: ./accuracy_imgs/YYYN_training_accuracy.png used on input line 175.
(pdftex.def)             Requested size: 284.52756pt x 213.31737pt.

Overfull \hbox (2.25012pt too wide) in paragraph at lines 176--176
 [][] 
 []


Overfull \hbox (2.25012pt too wide) detected at line 176
 [][] 
 []

<./accuracy_imgs/YYNY_training_accuracy.png, id=41, 421.575pt x 316.0608pt>
File: ./accuracy_imgs/YYNY_training_accuracy.png Graphic file (type png)
 <use ./accuracy_imgs/YYNY_training_accuracy.png>
Package pdftex.def Info: ./accuracy_imgs/YYNY_training_accuracy.png used on input line 176.
(pdftex.def)             Requested size: 284.52756pt x 213.31737pt.
 [7 <./accuracy_imgs/NNYY_training_accuracy.png (PNG copy)> <./accuracy_imgs/YYYN_training_accuracy.png (PNG copy)>]
Overfull \hbox (2.25012pt too wide) in paragraph at lines 177--177
 [][] 
 []


Overfull \hbox (2.25012pt too wide) detected at line 177
 [][] 
 []

<./accuracy_imgs/YNYY_training_accuracy.png, id=45, 421.575pt x 316.0608pt>
File: ./accuracy_imgs/YNYY_training_accuracy.png Graphic file (type png)
 <use ./accuracy_imgs/YNYY_training_accuracy.png>
Package pdftex.def Info: ./accuracy_imgs/YNYY_training_accuracy.png used on input line 177.
(pdftex.def)             Requested size: 284.52756pt x 213.31737pt.

Overfull \hbox (2.25012pt too wide) in paragraph at lines 178--178
 [][] 
 []


Overfull \hbox (2.25012pt too wide) detected at line 178
 [][] 
 []

<./accuracy_imgs/NYYY_training_accuracy.png, id=46, 421.575pt x 316.0608pt>
File: ./accuracy_imgs/NYYY_training_accuracy.png Graphic file (type png)
 <use ./accuracy_imgs/NYYY_training_accuracy.png>
Package pdftex.def Info: ./accuracy_imgs/NYYY_training_accuracy.png used on input line 178.
(pdftex.def)             Requested size: 284.52756pt x 213.31737pt.
 [8 <./accuracy_imgs/YYNY_training_accuracy.png (PNG copy)> <./accuracy_imgs/YNYY_training_accuracy.png (PNG copy)>]
Overfull \hbox (2.25012pt too wide) in paragraph at lines 179--179
 [][] 
 []


Overfull \hbox (2.25012pt too wide) detected at line 179
 [][] 
 []

<./accuracy_imgs/YYYY_training_accuracy.png, id=50, 421.575pt x 316.0608pt>
File: ./accuracy_imgs/YYYY_training_accuracy.png Graphic file (type png)
 <use ./accuracy_imgs/YYYY_training_accuracy.png>
Package pdftex.def Info: ./accuracy_imgs/YYYY_training_accuracy.png used on input line 179.
(pdftex.def)             Requested size: 284.52756pt x 213.31737pt.
 [9 <./accuracy_imgs/NYYY_training_accuracy.png (PNG copy)> <./accuracy_imgs/YYYY_training_accuracy.png (PNG copy)>]
Overfull \hbox (2.25012pt too wide) in paragraph at lines 184--184
 [][] 
 []


Overfull \hbox (2.25012pt too wide) detected at line 184
 [][] 
 []

File: ./accuracy_imgs/YNYY_training_accuracy.png Graphic file (type png)
<use ./accuracy_imgs/YNYY_training_accuracy.png>
Package pdftex.def Info: ./accuracy_imgs/YNYY_training_accuracy.png used on input line 184.
(pdftex.def)             Requested size: 284.52756pt x 213.31737pt.
 <./accuracy_imgs/num_iterations_empirical.png, id=54, 421.575pt x 316.0608pt>
File: ./accuracy_imgs/num_iterations_empirical.png Graphic file (type png)
 <use ./accuracy_imgs/num_iterations_empirical.png>
Package pdftex.def Info: ./accuracy_imgs/num_iterations_empirical.png used on input line 190.
(pdftex.def)             Requested size: 327.20668pt x 245.31593pt.
 [10 <./accuracy_imgs/num_iterations_empirical.png (PNG copy)>] <./accuracy_imgs/num_hidden_nodes_empirical.png, id=58, 421.575pt x 316.0608pt>
File: ./accuracy_imgs/num_hidden_nodes_empirical.png Graphic file (type png)
 <use ./accuracy_imgs/num_hidden_nodes_empirical.png>
Package pdftex.def Info: ./accuracy_imgs/num_hidden_nodes_empirical.png used on input line 197.
(pdftex.def)             Requested size: 327.20668pt x 245.31593pt.
 <./accuracy_imgs/image_size_empirical.png, id=59, 421.575pt x 316.0608pt>
File: ./accuracy_imgs/image_size_empirical.png Graphic file (type png)
 <use ./accuracy_imgs/image_size_empirical.png>
Package pdftex.def Info: ./accuracy_imgs/image_size_empirical.png used on input line 204.
(pdftex.def)             Requested size: 327.20668pt x 245.31593pt.
 [11 <./accuracy_imgs/num_hidden_nodes_empirical.png (PNG copy)> <./accuracy_imgs/image_size_empirical.png (PNG copy)>] <./accuracy_imgs/learning_rate_empirical.png, id=63, 421.575pt x 316.0608pt>
File: ./accuracy_imgs/learning_rate_empirical.png Graphic file (type png)
 <use ./accuracy_imgs/learning_rate_empirical.png>
Package pdftex.def Info: ./accuracy_imgs/learning_rate_empirical.png used on input line 211.
(pdftex.def)             Requested size: 327.20668pt x 245.31593pt.
 <./accuracy_imgs/percent_field_retention_empirical.png, id=64, 421.575pt x 316.0608pt>
File: ./accuracy_imgs/percent_field_retention_empirical.png Graphic file (type png)
 <use ./accuracy_imgs/percent_field_retention_empirical.png>
Package pdftex.def Info: ./accuracy_imgs/percent_field_retention_empirical.png used on input line 218.
(pdftex.def)             Requested size: 327.20668pt x 245.31593pt.
 [12 <./accuracy_imgs/learning_rate_empirical.png (PNG copy)> <./accuracy_imgs/percent_field_retention_empirical.png (PNG copy)>] [13]

LaTeX Warning: File `./accuracy_imgs/optimal_network.png' not found on input line 254.


./ANN.tex:254: Package pdftex.def Error: File `./accuracy_imgs/optimal_network.png' not found.

See the pdftex.def package documentation for explanation.
Type  H <return>  for immediate help.
 ...                                              
                                                  
l.254 ...0mm]{./accuracy_imgs/optimal_network.png}
                                                  
Using draft setting for this image.
Try typing  <return>  to proceed.
If that doesn't work, type  X <return>  to quit.

[14] (./ANN.aux)

LaTeX Warning: There were multiply-defined labels.

 ) 
Here is how much of TeX's memory you used:
 2908 strings out of 493014
 43270 string characters out of 6133351
 110603 words of memory out of 5000000
 6389 multiletter control sequences out of 15000+600000
 10587 words of font info for 38 fonts, out of 8000000 for 9000
 1141 hyphenation exceptions out of 8191
 38i,10n,32p,409b,335s stack positions out of 5000i,500n,10000p,200000b,80000s
</usr/local/texlive/2016/texmf-dist/fonts/type1/public/amsfonts/cm/cmbx12.pfb></usr/local/texlive/2016/texmf-dist/fonts/type1/public/amsfonts/cm/cmcsc10.pfb></usr/local/texlive/2016/texmf-dist/fonts/type1/public/amsfonts/cm/cmr12.pfb></usr/local/texlive/2016/texmf-dist/fonts/type1/public/amsfonts/cm/cmti12.pfb></usr/local/texlive/2016/texmf-dist/fonts/type1/public/amsfonts/cm/cmtt12.pfb>
Output written on ANN.pdf (15 pages, 594075 bytes).
PDF statistics:
 94 PDF objects out of 1000 (max. 8388607)
 50 compressed objects within 1 object stream
 0 named destinations out of 1000 (max. 500000)
 106 words of extra memory for PDF output out of 10000 (max. 10000000)

